info it worked if it ends with ok
verbose cli [ 'node', '/usr/local/bin/npm', 'publish', 'crema', '--force' ]
info using npm@1.0.106
info using node@v0.6.6
verbose config file /Users/craig/.npmrc
verbose config file /usr/local/etc/npmrc
verbose config file /usr/local/lib/node_modules/npm/npmrc
verbose publish [ 'crema' ]
verbose cache add [ 'crema', null ]
silly cache add: name, spec, args [ undefined, 'crema', [ 'crema', null ] ]
verbose parsed url { pathname: 'crema', path: 'crema', href: 'crema' }
info addNamed [ 'crema', '' ]
verbose addNamed [ null, '' ]
verbose GET crema
verbose raw, before any munging crema
verbose url resolving [ 'https://registry.npmjs.org/', './crema' ]
verbose url resolved https://registry.npmjs.org/crema
verbose etag "7SDZ8KRLS4AWZ4CESU89314LF"
silly get cb [ 304,
silly get cb   { server: 'CouchDB/1.1.0 (Erlang OTP/R14B04)',
silly get cb     etag: '"7SDZ8KRLS4AWZ4CESU89314LF"',
silly get cb     date: 'Tue, 27 Dec 2011 04:47:45 GMT',
silly get cb     'content-length': '0' } ]
verbose etag crema from cache
verbose GET crema/0.0.2
verbose raw, before any munging crema/0.0.2
verbose url resolving [ 'https://registry.npmjs.org/', './crema/0.0.2' ]
verbose url resolved https://registry.npmjs.org/crema/0.0.2
verbose etag "7SDZ8KRLS4AWZ4CESU89314LF"
silly get cb [ 304,
silly get cb   { server: 'CouchDB/1.1.0 (Erlang OTP/R14B04)',
silly get cb     etag: '"7SDZ8KRLS4AWZ4CESU89314LF"',
silly get cb     date: 'Tue, 27 Dec 2011 04:47:46 GMT',
silly get cb     'content-length': '0' } ]
verbose etag crema/0.0.2 from cache
verbose bin dist [ '0.6-ares1.7.5-DEV-evundefined-openssl0.9.8r-v83.6.6.14-darwin-x64-11.2.0',
verbose bin dist   { shasum: 'bef7dda53f58ea49440e798b01eac2829e158b10',
verbose bin dist     tarball: 'http://registry.npmjs.org/crema/-/crema-0.0.2.tgz' } ]
verbose addRemoteTarball [ 'https://registry.npmjs.org/crema/-/crema-0.0.2.tgz',
verbose addRemoteTarball   'bef7dda53f58ea49440e798b01eac2829e158b10' ]
verbose mkdir (expected) error ENOENT, no such file or directory '/var/folders/n1/r96x64mx6jzcbzkbz1ddrw6r0000gn/T/npm-1324961266201'
verbose mkdir (expected) error ENOENT, no such file or directory '/var/folders/n1/r96x64mx6jzcbzkbz1ddrw6r0000gn/T/npm-1324961266201/1324961266201-0.994853584561497'
verbose mkdir done: /var/folders/n1/r96x64mx6jzcbzkbz1ddrw6r0000gn/T/npm-1324961266201/1324961266201-0.994853584561497 755
info fetch https://registry.npmjs.org/crema/-/crema-0.0.2.tgz
verbose fetch to /var/folders/n1/r96x64mx6jzcbzkbz1ddrw6r0000gn/T/npm-1324961266201/1324961266201-0.994853584561497/tmp.tgz
silly updated sha bytes 10240
info shasum bef7dda53f58ea49440e798b01eac2829e158b10
info shasum /var/folders/n1/r96x64mx6jzcbzkbz1ddrw6r0000gn/T/npm-1324961266201/1324961266201-0.994853584561497/tmp.tgz
verbose mkdir (expected) error ENOENT, no such file or directory '/var/folders/n1/r96x64mx6jzcbzkbz1ddrw6r0000gn/T/npm-1324961266201/1324961266201-0.994853584561497/contents'
verbose mkdir (expected) error ENOENT, no such file or directory '/var/folders/n1/r96x64mx6jzcbzkbz1ddrw6r0000gn/T/npm-1324961266201/1324961266201-0.994853584561497/contents/___package.npm'
verbose mkdir done: /var/folders/n1/r96x64mx6jzcbzkbz1ddrw6r0000gn/T/npm-1324961266201/1324961266201-0.994853584561497/contents/___package.npm 755
verbose unpack_ uid, gid [ undefined, undefined ]
verbose unpackTarget /var/folders/n1/r96x64mx6jzcbzkbz1ddrw6r0000gn/T/npm-1324961266201/1324961266201-0.994853584561497/contents/package
silly gunzTarPerm modes [ '755', '644' ]
silly spawning [ 'tar',
silly spawning   [ '-zmvxpf',
silly spawning     '/var/folders/n1/r96x64mx6jzcbzkbz1ddrw6r0000gn/T/npm-1324961266201/1324961266201-0.994853584561497/tmp.tgz' ],
silly spawning   '/var/folders/n1/r96x64mx6jzcbzkbz1ddrw6r0000gn/T/npm-1324961266201/1324961266201-0.994853584561497/contents/___package.npm' ]
silly tar err x package/.cupboard
silly tar err x package/.gitignore
silly tar err x package/package.json
silly tar err x package/project.sublime-project
silly tar err x package/project.sublime-workspace
silly tar err x package/README.md
silly tar err x package/bin/build
silly tar err x package/lib/index.js
silly tar err x package/lib/parser.js
silly tar err x package/examples/index.js
silly tar err x package/src/grammar.peg
silly tar exit 0
silly asyncMap in gTP /var/folders/n1/r96x64mx6jzcbzkbz1ddrw6r0000gn/T/npm-1324961266201/1324961266201-0.994853584561497/contents/___package.npm/package
silly asyncMap in gTP /var/folders/n1/r96x64mx6jzcbzkbz1ddrw6r0000gn/T/npm-1324961266201/1324961266201-0.994853584561497/contents/___package.npm/package/.cupboard
silly asyncMap in gTP /var/folders/n1/r96x64mx6jzcbzkbz1ddrw6r0000gn/T/npm-1324961266201/1324961266201-0.994853584561497/contents/___package.npm/package/.gitignore
silly asyncMap in gTP /var/folders/n1/r96x64mx6jzcbzkbz1ddrw6r0000gn/T/npm-1324961266201/1324961266201-0.994853584561497/contents/___package.npm/package/package.json
silly asyncMap in gTP /var/folders/n1/r96x64mx6jzcbzkbz1ddrw6r0000gn/T/npm-1324961266201/1324961266201-0.994853584561497/contents/___package.npm/package/project.sublime-project
silly asyncMap in gTP /var/folders/n1/r96x64mx6jzcbzkbz1ddrw6r0000gn/T/npm-1324961266201/1324961266201-0.994853584561497/contents/___package.npm/package/project.sublime-workspace
silly asyncMap in gTP /var/folders/n1/r96x64mx6jzcbzkbz1ddrw6r0000gn/T/npm-1324961266201/1324961266201-0.994853584561497/contents/___package.npm/package/README.md
silly asyncMap in gTP /var/folders/n1/r96x64mx6jzcbzkbz1ddrw6r0000gn/T/npm-1324961266201/1324961266201-0.994853584561497/contents/___package.npm/package/bin
silly asyncMap in gTP /var/folders/n1/r96x64mx6jzcbzkbz1ddrw6r0000gn/T/npm-1324961266201/1324961266201-0.994853584561497/contents/___package.npm/package/bin/build
silly asyncMap in gTP /var/folders/n1/r96x64mx6jzcbzkbz1ddrw6r0000gn/T/npm-1324961266201/1324961266201-0.994853584561497/contents/___package.npm/package/examples
silly asyncMap in gTP /var/folders/n1/r96x64mx6jzcbzkbz1ddrw6r0000gn/T/npm-1324961266201/1324961266201-0.994853584561497/contents/___package.npm/package/examples/index.js
silly asyncMap in gTP /var/folders/n1/r96x64mx6jzcbzkbz1ddrw6r0000gn/T/npm-1324961266201/1324961266201-0.994853584561497/contents/___package.npm/package/src
silly asyncMap in gTP /var/folders/n1/r96x64mx6jzcbzkbz1ddrw6r0000gn/T/npm-1324961266201/1324961266201-0.994853584561497/contents/___package.npm/package/src/grammar.peg
silly asyncMap in gTP /var/folders/n1/r96x64mx6jzcbzkbz1ddrw6r0000gn/T/npm-1324961266201/1324961266201-0.994853584561497/contents/___package.npm/package/lib
silly asyncMap in gTP /var/folders/n1/r96x64mx6jzcbzkbz1ddrw6r0000gn/T/npm-1324961266201/1324961266201-0.994853584561497/contents/___package.npm/package/lib/index.js
silly asyncMap in gTP /var/folders/n1/r96x64mx6jzcbzkbz1ddrw6r0000gn/T/npm-1324961266201/1324961266201-0.994853584561497/contents/___package.npm/package/lib/parser.js
verbose gunzed /var/folders/n1/r96x64mx6jzcbzkbz1ddrw6r0000gn/T/npm-1324961266201/1324961266201-0.994853584561497/contents/___package.npm/package
verbose rm'ed /var/folders/n1/r96x64mx6jzcbzkbz1ddrw6r0000gn/T/npm-1324961266201/1324961266201-0.994853584561497/contents/package
verbose renamed [ '/var/folders/n1/r96x64mx6jzcbzkbz1ddrw6r0000gn/T/npm-1324961266201/1324961266201-0.994853584561497/contents/___package.npm/package',
verbose renamed   '/var/folders/n1/r96x64mx6jzcbzkbz1ddrw6r0000gn/T/npm-1324961266201/1324961266201-0.994853584561497/contents/package' ]
silly testEngine { name: 'crema',
silly testEngine   description: 'syntactic sugar for your javascript functions',
silly testEngine   version: '0.0.2',
silly testEngine   repository: { url: '' },
silly testEngine   engines: { node: '*' },
silly testEngine   dependencies: {},
silly testEngine   devDependencies: { pegjs: '0.6.2' },
silly testEngine   main: './lib/index.js',
silly testEngine   _npmUser: { name: 'architectd', email: 'craig.j.condon@gmail.com' },
silly testEngine   _id: 'crema@0.0.2',
silly testEngine   _engineSupported: true,
silly testEngine   _npmVersion: '1.0.106',
silly testEngine   _nodeVersion: 'v0.6.6',
silly testEngine   _defaultsLoaded: true,
silly testEngine   path: '/var/folders/n1/r96x64mx6jzcbzkbz1ddrw6r0000gn/T/npm-1324961266201/1324961266201-0.994853584561497/contents/package' }
verbose caching /var/folders/n1/r96x64mx6jzcbzkbz1ddrw6r0000gn/T/npm-1324961266201/1324961266201-0.994853584561497/contents/package/package.json
verbose loadDefaults crema@0.0.2
verbose tarball contents [ 'package' ]
verbose from cache /var/folders/n1/r96x64mx6jzcbzkbz1ddrw6r0000gn/T/npm-1324961266201/1324961266201-0.994853584561497/contents/package/package.json
verbose pack /var/folders/n1/r96x64mx6jzcbzkbz1ddrw6r0000gn/T/npm-1324961266201/1324961266201-0.994853584561497/contents/package /Users/craig/.npm/crema/0.0.2/package.tgz
silly makeList /var/folders/n1/r96x64mx6jzcbzkbz1ddrw6r0000gn/T/npm-1324961266201/1324961266201-0.994853584561497/contents/package
verbose mkdir'ed /Users/craig/.npm/crema/0.0.2
verbose tar about to write tar and gzip it.
silly tar args [ '-czvf', '-', '-T', '-' ]
silly spawning [ 'tar',
silly spawning   [ '-czvf', '-', '-T', '-' ],
silly spawning   '/var/folders/n1/r96x64mx6jzcbzkbz1ddrw6r0000gn/T/npm-1324961266201/1324961266201-0.994853584561497/contents' ]
verbose mkdir (expected) error ENOENT, no such file or directory '/Users/craig/.npm/crema/0.0.2/___package.npm'
verbose mkdir done: /Users/craig/.npm/crema/0.0.2/___package.npm 755
verbose unpack_ uid, gid [ undefined, undefined ]
verbose unpackTarget /Users/craig/.npm/crema/0.0.2/package
silly gunzTarPerm modes [ '755', '644' ]
silly spawning [ 'tar',
silly spawning   [ '-zmvxpf', '/Users/craig/.npm/crema/0.0.2/package.tgz' ],
silly spawning   '/Users/craig/.npm/crema/0.0.2/___package.npm' ]
silly tar err x package/.cupboard
silly tar err x package/.gitignore
silly tar err x package/package.json
silly tar err x package/project.sublime-project
silly tar err x package/project.sublime-workspace
silly tar err x package/README.md
silly tar err x package/bin/build
silly tar err x package/examples/index.js
silly tar err x package/lib/index.js
silly tar err x package/lib/parser.js
silly tar err x package/src/grammar.peg
silly tar exit 0
silly asyncMap in gTP /Users/craig/.npm/crema/0.0.2/___package.npm/package
silly asyncMap in gTP /Users/craig/.npm/crema/0.0.2/___package.npm/package/.cupboard
silly asyncMap in gTP /Users/craig/.npm/crema/0.0.2/___package.npm/package/.gitignore
silly asyncMap in gTP /Users/craig/.npm/crema/0.0.2/___package.npm/package/package.json
silly asyncMap in gTP /Users/craig/.npm/crema/0.0.2/___package.npm/package/project.sublime-project
silly asyncMap in gTP /Users/craig/.npm/crema/0.0.2/___package.npm/package/project.sublime-workspace
silly asyncMap in gTP /Users/craig/.npm/crema/0.0.2/___package.npm/package/README.md
silly asyncMap in gTP /Users/craig/.npm/crema/0.0.2/___package.npm/package/bin
silly asyncMap in gTP /Users/craig/.npm/crema/0.0.2/___package.npm/package/bin/build
silly asyncMap in gTP /Users/craig/.npm/crema/0.0.2/___package.npm/package/examples
silly asyncMap in gTP /Users/craig/.npm/crema/0.0.2/___package.npm/package/examples/index.js
silly asyncMap in gTP /Users/craig/.npm/crema/0.0.2/___package.npm/package/lib
silly asyncMap in gTP /Users/craig/.npm/crema/0.0.2/___package.npm/package/lib/index.js
silly asyncMap in gTP /Users/craig/.npm/crema/0.0.2/___package.npm/package/lib/parser.js
silly asyncMap in gTP /Users/craig/.npm/crema/0.0.2/___package.npm/package/src
silly asyncMap in gTP /Users/craig/.npm/crema/0.0.2/___package.npm/package/src/grammar.peg
verbose gunzed /Users/craig/.npm/crema/0.0.2/___package.npm/package
verbose rm'ed /Users/craig/.npm/crema/0.0.2/package
verbose renamed [ '/Users/craig/.npm/crema/0.0.2/___package.npm/package',
verbose renamed   '/Users/craig/.npm/crema/0.0.2/package' ]
silly testEngine { name: 'crema',
silly testEngine   description: 'syntactic sugar for your javascript functions',
silly testEngine   version: '0.0.2',
silly testEngine   repository: { url: '' },
silly testEngine   engines: { node: '*' },
silly testEngine   dependencies: {},
silly testEngine   devDependencies: { pegjs: '0.6.2' },
silly testEngine   main: './lib/index.js',
silly testEngine   _npmUser: { name: 'architectd', email: 'craig.j.condon@gmail.com' },
silly testEngine   _id: 'crema@0.0.2',
silly testEngine   _engineSupported: true,
silly testEngine   _npmVersion: '1.0.106',
silly testEngine   _nodeVersion: 'v0.6.6',
silly testEngine   _defaultsLoaded: true,
silly testEngine   dist: 
silly testEngine    { shasum: 'aa5113a5e3f4eb502b1e4d2a9192b6171cbee647',
silly testEngine      tarball: 'http://registry.npmjs.org/crema/-/crema-0.0.2.tgz' },
silly testEngine   scripts: {} }
verbose caching /Users/craig/.npm/crema/0.0.2/package/package.json
verbose loadDefaults crema@0.0.2
silly updated sha bytes 10240
info shasum aa5113a5e3f4eb502b1e4d2a9192b6171cbee647
info shasum /Users/craig/.npm/crema/0.0.2/package.tgz
verbose from cache /Users/craig/.npm/crema/0.0.2/package/package.json
verbose chmod /Users/craig/.npm/crema/0.0.2/package.tgz 644
verbose chown [ '/Users/craig/.npm/crema/0.0.2/package.tgz', 501, 20 ]
silly publish { name: 'crema',
silly publish   description: 'syntactic sugar for your javascript functions',
silly publish   version: '0.0.2',
silly publish   repository: { url: '' },
silly publish   engines: { node: '*' },
silly publish   dependencies: {},
silly publish   devDependencies: { pegjs: '0.6.2' },
silly publish   main: './lib/index.js',
silly publish   _npmUser: { name: 'architectd', email: 'craig.j.condon@gmail.com' },
silly publish   _id: 'crema@0.0.2',
silly publish   _engineSupported: true,
silly publish   _npmVersion: '1.0.106',
silly publish   _nodeVersion: 'v0.6.6',
silly publish   _defaultsLoaded: true,
silly publish   dist: 
silly publish    { shasum: 'aa5113a5e3f4eb502b1e4d2a9192b6171cbee647',
silly publish      tarball: 'http://registry.npmjs.org/crema/-/crema-0.0.2.tgz' },
silly publish   scripts: {} }
info prepublish crema@0.0.2
verbose PUT crema
verbose raw, before any munging crema
verbose url resolving [ 'https://registry.npmjs.org/', './crema' ]
verbose url resolved https://registry.npmjs.org/crema
verbose GET crema
verbose raw, before any munging crema
verbose url resolving [ 'https://registry.npmjs.org/', './crema' ]
verbose url resolved https://registry.npmjs.org/crema
info Already published crema@0.0.2
verbose uploading bin dists []
WARN publish Forced publish over crema@0.0.2
verbose GET crema
verbose raw, before any munging crema
verbose url resolving [ 'https://registry.npmjs.org/', './crema' ]
verbose url resolved https://registry.npmjs.org/crema
verbose etag "7SDZ8KRLS4AWZ4CESU89314LF"
silly get cb [ 304,
silly get cb   { server: 'CouchDB/1.1.0 (Erlang OTP/R14B04)',
silly get cb     etag: '"7SDZ8KRLS4AWZ4CESU89314LF"',
silly get cb     date: 'Tue, 27 Dec 2011 04:47:49 GMT',
silly get cb     'content-length': '0' } ]
verbose etag crema from cache
verbose removing attachments { shasum: 'bef7dda53f58ea49440e798b01eac2829e158b10',
verbose removing attachments   tarball: 'http://registry.npmjs.org/crema/-/crema-0.0.2.tgz' }
verbose PUT crema/-rev/5-3c2f6b34265c972a29a13f82af43bd26
verbose raw, before any munging crema/-rev/5-3c2f6b34265c972a29a13f82af43bd26
verbose url resolving [ 'https://registry.npmjs.org/',
verbose url resolving   './crema/-rev/5-3c2f6b34265c972a29a13f82af43bd26' ]
verbose url resolved https://registry.npmjs.org/crema/-rev/5-3c2f6b34265c972a29a13f82af43bd26
verbose GET crema
verbose raw, before any munging crema
verbose url resolving [ 'https://registry.npmjs.org/', './crema' ]
verbose url resolved https://registry.npmjs.org/crema
silly get cb [ 200,
silly get cb   { vary: 'Accept',
silly get cb     server: 'CouchDB/1.1.0 (Erlang OTP/R14B04)',
silly get cb     etag: '"9NIOHY79U7P6P8ZIFRWAD7LKM"',
silly get cb     date: 'Tue, 27 Dec 2011 04:47:50 GMT',
silly get cb     'content-type': 'application/json',
silly get cb     'content-length': '1942' } ]
info detach /crema/-/crema-0.0.2.tgz/-rev/6-e03b7248fac055f4356a3e469583cb12
verbose DELETE /crema/-/crema-0.0.2.tgz/-rev/6-e03b7248fac055f4356a3e469583cb12
verbose raw, before any munging /crema/-/crema-0.0.2.tgz/-rev/6-e03b7248fac055f4356a3e469583cb12
verbose url resolving [ 'https://registry.npmjs.org/',
verbose url resolving   './crema/-/crema-0.0.2.tgz/-rev/6-e03b7248fac055f4356a3e469583cb12' ]
verbose url resolved https://registry.npmjs.org/crema/-/crema-0.0.2.tgz/-rev/6-e03b7248fac055f4356a3e469583cb12
verbose publish [ 'crema' ]
verbose cache add [ 'crema', null ]
silly cache add: name, spec, args [ undefined, 'crema', [ 'crema', null ] ]
verbose parsed url { pathname: 'crema', path: 'crema', href: 'crema' }
info addNamed [ 'crema', '' ]
verbose addNamed [ null, '' ]
verbose GET crema
verbose raw, before any munging crema
verbose url resolving [ 'https://registry.npmjs.org/', './crema' ]
verbose url resolved https://registry.npmjs.org/crema
silly get cb [ 200,
silly get cb   { vary: 'Accept',
silly get cb     server: 'CouchDB/1.1.0 (Erlang OTP/R14B04)',
silly get cb     etag: '"4XFM03X6QG6MSMREJXGM09HAF"',
silly get cb     date: 'Tue, 27 Dec 2011 04:47:51 GMT',
silly get cb     'content-type': 'application/json',
silly get cb     'content-length': '1942' } ]
verbose GET crema/0.0.1
verbose raw, before any munging crema/0.0.1
verbose url resolving [ 'https://registry.npmjs.org/', './crema/0.0.1' ]
verbose url resolved https://registry.npmjs.org/crema/0.0.1
silly get cb [ 200,
silly get cb   { vary: 'Accept',
silly get cb     server: 'CouchDB/1.1.0 (Erlang OTP/R14B04)',
silly get cb     etag: '"4XFM03X6QG6MSMREJXGM09HAF"',
silly get cb     date: 'Tue, 27 Dec 2011 04:47:51 GMT',
silly get cb     'content-type': 'application/json',
silly get cb     'content-length': '618' } ]
verbose bin dist [ '0.6-ares1.7.5-DEV-evundefined-openssl0.9.8r-v83.6.6.14-darwin-x64-11.2.0',
verbose bin dist   { shasum: 'd357f0c4ecde1736dc964a10adf056924abbedc5',
verbose bin dist     tarball: 'http://registry.npmjs.org/crema/-/crema-0.0.1.tgz' } ]
verbose addRemoteTarball [ 'https://registry.npmjs.org/crema/-/crema-0.0.1.tgz',
verbose addRemoteTarball   'd357f0c4ecde1736dc964a10adf056924abbedc5' ]
verbose mkdir (expected) error ENOENT, no such file or directory '/var/folders/n1/r96x64mx6jzcbzkbz1ddrw6r0000gn/T/npm-1324961266201/1324961271812-0.8277271571569145'
verbose mkdir done: /var/folders/n1/r96x64mx6jzcbzkbz1ddrw6r0000gn/T/npm-1324961266201/1324961271812-0.8277271571569145 755
info fetch https://registry.npmjs.org/crema/-/crema-0.0.1.tgz
verbose fetch to /var/folders/n1/r96x64mx6jzcbzkbz1ddrw6r0000gn/T/npm-1324961266201/1324961271812-0.8277271571569145/tmp.tgz
silly updated sha bytes 10240
info shasum d357f0c4ecde1736dc964a10adf056924abbedc5
info shasum /var/folders/n1/r96x64mx6jzcbzkbz1ddrw6r0000gn/T/npm-1324961266201/1324961271812-0.8277271571569145/tmp.tgz
verbose mkdir (expected) error ENOENT, no such file or directory '/var/folders/n1/r96x64mx6jzcbzkbz1ddrw6r0000gn/T/npm-1324961266201/1324961271812-0.8277271571569145/contents'
verbose mkdir (expected) error ENOENT, no such file or directory '/var/folders/n1/r96x64mx6jzcbzkbz1ddrw6r0000gn/T/npm-1324961266201/1324961271812-0.8277271571569145/contents/___package.npm'
verbose mkdir done: /var/folders/n1/r96x64mx6jzcbzkbz1ddrw6r0000gn/T/npm-1324961266201/1324961271812-0.8277271571569145/contents/___package.npm 755
verbose unpack_ uid, gid [ undefined, undefined ]
verbose unpackTarget /var/folders/n1/r96x64mx6jzcbzkbz1ddrw6r0000gn/T/npm-1324961266201/1324961271812-0.8277271571569145/contents/package
silly gunzTarPerm modes [ '755', '644' ]
silly spawning [ 'tar',
silly spawning   [ '-zmvxpf',
silly spawning     '/var/folders/n1/r96x64mx6jzcbzkbz1ddrw6r0000gn/T/npm-1324961266201/1324961271812-0.8277271571569145/tmp.tgz' ],
silly spawning   '/var/folders/n1/r96x64mx6jzcbzkbz1ddrw6r0000gn/T/npm-1324961266201/1324961271812-0.8277271571569145/contents/___package.npm' ]
silly tar err x package/.cupboard
silly tar err x package/.gitignore
silly tar err x package/package.json
silly tar err x package/project.sublime-project
silly tar err x package/project.sublime-workspace
silly tar err x package/README.md
silly tar err x package/bin/build
silly tar err x package/examples/index.js
silly tar err x package/lib/index.js
silly tar err x package/lib/parser.js
silly tar err x package/src/grammar.peg
silly tar exit 0
silly asyncMap in gTP /var/folders/n1/r96x64mx6jzcbzkbz1ddrw6r0000gn/T/npm-1324961266201/1324961271812-0.8277271571569145/contents/___package.npm/package
silly asyncMap in gTP /var/folders/n1/r96x64mx6jzcbzkbz1ddrw6r0000gn/T/npm-1324961266201/1324961271812-0.8277271571569145/contents/___package.npm/package/.cupboard
silly asyncMap in gTP /var/folders/n1/r96x64mx6jzcbzkbz1ddrw6r0000gn/T/npm-1324961266201/1324961271812-0.8277271571569145/contents/___package.npm/package/.gitignore
silly asyncMap in gTP /var/folders/n1/r96x64mx6jzcbzkbz1ddrw6r0000gn/T/npm-1324961266201/1324961271812-0.8277271571569145/contents/___package.npm/package/package.json
silly asyncMap in gTP /var/folders/n1/r96x64mx6jzcbzkbz1ddrw6r0000gn/T/npm-1324961266201/1324961271812-0.8277271571569145/contents/___package.npm/package/project.sublime-project
silly asyncMap in gTP /var/folders/n1/r96x64mx6jzcbzkbz1ddrw6r0000gn/T/npm-1324961266201/1324961271812-0.8277271571569145/contents/___package.npm/package/project.sublime-workspace
silly asyncMap in gTP /var/folders/n1/r96x64mx6jzcbzkbz1ddrw6r0000gn/T/npm-1324961266201/1324961271812-0.8277271571569145/contents/___package.npm/package/README.md
silly asyncMap in gTP /var/folders/n1/r96x64mx6jzcbzkbz1ddrw6r0000gn/T/npm-1324961266201/1324961271812-0.8277271571569145/contents/___package.npm/package/bin
silly asyncMap in gTP /var/folders/n1/r96x64mx6jzcbzkbz1ddrw6r0000gn/T/npm-1324961266201/1324961271812-0.8277271571569145/contents/___package.npm/package/bin/build
silly asyncMap in gTP /var/folders/n1/r96x64mx6jzcbzkbz1ddrw6r0000gn/T/npm-1324961266201/1324961271812-0.8277271571569145/contents/___package.npm/package/examples
silly asyncMap in gTP /var/folders/n1/r96x64mx6jzcbzkbz1ddrw6r0000gn/T/npm-1324961266201/1324961271812-0.8277271571569145/contents/___package.npm/package/examples/index.js
silly asyncMap in gTP /var/folders/n1/r96x64mx6jzcbzkbz1ddrw6r0000gn/T/npm-1324961266201/1324961271812-0.8277271571569145/contents/___package.npm/package/src
silly asyncMap in gTP /var/folders/n1/r96x64mx6jzcbzkbz1ddrw6r0000gn/T/npm-1324961266201/1324961271812-0.8277271571569145/contents/___package.npm/package/src/grammar.peg
silly asyncMap in gTP /var/folders/n1/r96x64mx6jzcbzkbz1ddrw6r0000gn/T/npm-1324961266201/1324961271812-0.8277271571569145/contents/___package.npm/package/lib
silly asyncMap in gTP /var/folders/n1/r96x64mx6jzcbzkbz1ddrw6r0000gn/T/npm-1324961266201/1324961271812-0.8277271571569145/contents/___package.npm/package/lib/parser.js
silly asyncMap in gTP /var/folders/n1/r96x64mx6jzcbzkbz1ddrw6r0000gn/T/npm-1324961266201/1324961271812-0.8277271571569145/contents/___package.npm/package/lib/index.js
verbose gunzed /var/folders/n1/r96x64mx6jzcbzkbz1ddrw6r0000gn/T/npm-1324961266201/1324961271812-0.8277271571569145/contents/___package.npm/package
verbose rm'ed /var/folders/n1/r96x64mx6jzcbzkbz1ddrw6r0000gn/T/npm-1324961266201/1324961271812-0.8277271571569145/contents/package
verbose renamed [ '/var/folders/n1/r96x64mx6jzcbzkbz1ddrw6r0000gn/T/npm-1324961266201/1324961271812-0.8277271571569145/contents/___package.npm/package',
verbose renamed   '/var/folders/n1/r96x64mx6jzcbzkbz1ddrw6r0000gn/T/npm-1324961266201/1324961271812-0.8277271571569145/contents/package' ]
silly testEngine { name: 'crema',
silly testEngine   description: 'syntactic sugar for your javascript functions',
silly testEngine   version: '0.0.1',
silly testEngine   repository: { url: '' },
silly testEngine   engines: { node: '*' },
silly testEngine   dependencies: {},
silly testEngine   devDependencies: { pegjs: '0.6.2' },
silly testEngine   main: './lib/index.js',
silly testEngine   _npmUser: { name: 'architectd', email: 'craig.j.condon@gmail.com' },
silly testEngine   _id: 'crema@0.0.1',
silly testEngine   _engineSupported: true,
silly testEngine   _npmVersion: '1.0.106',
silly testEngine   _nodeVersion: 'v0.6.6',
silly testEngine   _defaultsLoaded: true,
silly testEngine   path: '/var/folders/n1/r96x64mx6jzcbzkbz1ddrw6r0000gn/T/npm-1324961266201/1324961271812-0.8277271571569145/contents/package' }
verbose caching /var/folders/n1/r96x64mx6jzcbzkbz1ddrw6r0000gn/T/npm-1324961266201/1324961271812-0.8277271571569145/contents/package/package.json
verbose loadDefaults crema@0.0.1
verbose tarball contents [ 'package' ]
verbose from cache /var/folders/n1/r96x64mx6jzcbzkbz1ddrw6r0000gn/T/npm-1324961266201/1324961271812-0.8277271571569145/contents/package/package.json
verbose pack /var/folders/n1/r96x64mx6jzcbzkbz1ddrw6r0000gn/T/npm-1324961266201/1324961271812-0.8277271571569145/contents/package /Users/craig/.npm/crema/0.0.1/package.tgz
silly makeList /var/folders/n1/r96x64mx6jzcbzkbz1ddrw6r0000gn/T/npm-1324961266201/1324961271812-0.8277271571569145/contents/package
verbose mkdir'ed /Users/craig/.npm/crema/0.0.1
verbose tar about to write tar and gzip it.
silly tar args [ '-czvf', '-', '-T', '-' ]
silly spawning [ 'tar',
silly spawning   [ '-czvf', '-', '-T', '-' ],
silly spawning   '/var/folders/n1/r96x64mx6jzcbzkbz1ddrw6r0000gn/T/npm-1324961266201/1324961271812-0.8277271571569145/contents' ]
verbose mkdir (expected) error ENOENT, no such file or directory '/Users/craig/.npm/crema/0.0.1/___package.npm'
verbose mkdir done: /Users/craig/.npm/crema/0.0.1/___package.npm 755
verbose unpack_ uid, gid [ undefined, undefined ]
verbose unpackTarget /Users/craig/.npm/crema/0.0.1/package
silly gunzTarPerm modes [ '755', '644' ]
silly spawning [ 'tar',
silly spawning   [ '-zmvxpf', '/Users/craig/.npm/crema/0.0.1/package.tgz' ],
silly spawning   '/Users/craig/.npm/crema/0.0.1/___package.npm' ]
silly tar err x package/.cupboard
silly tar err x package/.gitignore
silly tar err x package/package.json
silly tar err x package/project.sublime-project
silly tar err x package/project.sublime-workspace
silly tar err x package/README.md
silly tar err x package/bin/build
silly tar err x package/examples/index.js
silly tar err x package/lib/index.js
silly tar err x package/lib/parser.js
silly tar err x package/src/grammar.peg
silly tar exit 0
silly asyncMap in gTP /Users/craig/.npm/crema/0.0.1/___package.npm/package
silly asyncMap in gTP /Users/craig/.npm/crema/0.0.1/___package.npm/package/.cupboard
silly asyncMap in gTP /Users/craig/.npm/crema/0.0.1/___package.npm/package/.gitignore
silly asyncMap in gTP /Users/craig/.npm/crema/0.0.1/___package.npm/package/package.json
silly asyncMap in gTP /Users/craig/.npm/crema/0.0.1/___package.npm/package/project.sublime-project
silly asyncMap in gTP /Users/craig/.npm/crema/0.0.1/___package.npm/package/project.sublime-workspace
silly asyncMap in gTP /Users/craig/.npm/crema/0.0.1/___package.npm/package/README.md
silly asyncMap in gTP /Users/craig/.npm/crema/0.0.1/___package.npm/package/bin
silly asyncMap in gTP /Users/craig/.npm/crema/0.0.1/___package.npm/package/bin/build
silly asyncMap in gTP /Users/craig/.npm/crema/0.0.1/___package.npm/package/examples
silly asyncMap in gTP /Users/craig/.npm/crema/0.0.1/___package.npm/package/examples/index.js
silly asyncMap in gTP /Users/craig/.npm/crema/0.0.1/___package.npm/package/lib
silly asyncMap in gTP /Users/craig/.npm/crema/0.0.1/___package.npm/package/lib/index.js
silly asyncMap in gTP /Users/craig/.npm/crema/0.0.1/___package.npm/package/lib/parser.js
silly asyncMap in gTP /Users/craig/.npm/crema/0.0.1/___package.npm/package/src
silly asyncMap in gTP /Users/craig/.npm/crema/0.0.1/___package.npm/package/src/grammar.peg
verbose gunzed /Users/craig/.npm/crema/0.0.1/___package.npm/package
verbose rm'ed /Users/craig/.npm/crema/0.0.1/package
verbose renamed [ '/Users/craig/.npm/crema/0.0.1/___package.npm/package',
verbose renamed   '/Users/craig/.npm/crema/0.0.1/package' ]
silly testEngine { name: 'crema',
silly testEngine   description: 'syntactic sugar for your javascript functions',
silly testEngine   version: '0.0.1',
silly testEngine   repository: { url: '' },
silly testEngine   engines: { node: '*' },
silly testEngine   dependencies: {},
silly testEngine   devDependencies: { pegjs: '0.6.2' },
silly testEngine   main: './lib/index.js',
silly testEngine   _npmUser: { name: 'architectd', email: 'craig.j.condon@gmail.com' },
silly testEngine   _id: 'crema@0.0.1',
silly testEngine   _engineSupported: true,
silly testEngine   _npmVersion: '1.0.106',
silly testEngine   _nodeVersion: 'v0.6.6',
silly testEngine   _defaultsLoaded: true,
silly testEngine   dist: 
silly testEngine    { shasum: 'f881d36ebe8343c8b82cb9d9e6f1740430e99cde',
silly testEngine      tarball: 'http://registry.npmjs.org/crema/-/crema-0.0.1.tgz' },
silly testEngine   scripts: {} }
verbose caching /Users/craig/.npm/crema/0.0.1/package/package.json
verbose loadDefaults crema@0.0.1
silly updated sha bytes 10240
info shasum f881d36ebe8343c8b82cb9d9e6f1740430e99cde
info shasum /Users/craig/.npm/crema/0.0.1/package.tgz
verbose from cache /Users/craig/.npm/crema/0.0.1/package/package.json
verbose chmod /Users/craig/.npm/crema/0.0.1/package.tgz 644
verbose chown [ '/Users/craig/.npm/crema/0.0.1/package.tgz', 501, 20 ]
silly publish { name: 'crema',
silly publish   description: 'syntactic sugar for your javascript functions',
silly publish   version: '0.0.1',
silly publish   repository: { url: '' },
silly publish   engines: { node: '*' },
silly publish   dependencies: {},
silly publish   devDependencies: { pegjs: '0.6.2' },
silly publish   main: './lib/index.js',
silly publish   _npmUser: { name: 'architectd', email: 'craig.j.condon@gmail.com' },
silly publish   _id: 'crema@0.0.1',
silly publish   _engineSupported: true,
silly publish   _npmVersion: '1.0.106',
silly publish   _nodeVersion: 'v0.6.6',
silly publish   _defaultsLoaded: true,
silly publish   dist: 
silly publish    { shasum: 'f881d36ebe8343c8b82cb9d9e6f1740430e99cde',
silly publish      tarball: 'http://registry.npmjs.org/crema/-/crema-0.0.1.tgz' },
silly publish   scripts: {} }
info prepublish crema@0.0.1
verbose PUT crema
verbose raw, before any munging crema
verbose url resolving [ 'https://registry.npmjs.org/', './crema' ]
verbose url resolved https://registry.npmjs.org/crema
verbose GET crema
verbose raw, before any munging crema
verbose url resolving [ 'https://registry.npmjs.org/', './crema' ]
verbose url resolved https://registry.npmjs.org/crema
info Already published crema@0.0.1
verbose uploading bin dists []
ERR! publish fail Cannot publish over existing version.
ERR! publish fail Bump the 'version' field, set the --force flag, or
ERR! publish fail     npm unpublish 'crema@0.0.1'
ERR! publish fail and try again
ERR! 
ERR! System Darwin 11.2.0
ERR! command "node" "/usr/local/bin/npm" "publish" "crema" "--force"
ERR! cwd /Users/craig/Dropbox/Developer/Public/crema
ERR! node -v v0.6.6
ERR! npm -v 1.0.106
ERR! code EPUBLISHCONFLICT
verbose exit [ 1, true ]
